<?xml version="1.0" encoding="UTF-8"?>
<testsuite xmlns:xsi="http://www.w3.org/2001/XMLSchema-instance" xsi:noNamespaceSchemaLocation="https://maven.apache.org/surefire/maven-surefire-plugin/xsd/surefire-test-report-3.0.xsd" version="3.0" name="fr.kragwu.muscletracker.userapi.UtilisateurApplicationTests" time="3.65" tests="1" errors="0" skipped="0" failures="0">
  <properties>
[...]
</properties>
  <testcase name="contextLoads" classname="fr.kragwu.muscletracker.userapi.UtilisateurApplicationTests" time="0.996">
    <system-out><![CDATA[23:06:55.397 [main] INFO org.springframework.test.context.support.AnnotationConfigContextLoaderUtils -- Could not detect default configuration classes for test class [fr.kragwu.muscletracker.userapi.UtilisateurApplicationTests]: UtilisateurApplicationTests does not declare any static, non-private, non-final, nested classes annotated with @Configuration.
23:06:55.509 [main] INFO org.springframework.boot.test.context.SpringBootTestContextBootstrapper -- Found @SpringBootConfiguration fr.kragwu.muscletracker.userapi.UtilisateurApplication for test class fr.kragwu.muscletracker.userapi.UtilisateurApplicationTests

  .   ____          _            __ _ _
 /\\ / ___'_ __ _ _(_)_ __  __ _ \ \ \ \
( ( )\___ | '_ | '_| | '_ \/ _` | \ \ \ \
 \\/  ___)| |_)| | | | | || (_| |  ) ) ) )
  '  |____| .__|_| |_|_| |_\__, | / / / /
 =========|_|==============|___/=/_/_/_/
 :: Spring Boot ::                (v3.1.2)

2023-08-04T23:06:56.053+02:00  INFO 7636 --- [           main] f.k.m.u.UtilisateurApplicationTests      : Starting UtilisateurApplicationTests using Java 17.0.1 with PID 7636 (started by kdebe in D:\Projects\MuscleTracker\userapi)
2023-08-04T23:06:56.055+02:00  INFO 7636 --- [           main] f.k.m.u.UtilisateurApplicationTests      : No active profile set, falling back to 1 default profile: "default"
2023-08-04T23:06:57.844+02:00  INFO 7636 --- [           main] f.k.m.u.UtilisateurApplicationTests      : Started UtilisateurApplicationTests in 2.184 seconds (process running for 3.128)
]]></system-out>
  </testcase>
</testsuite>